2021-04-22T14:05:01.598992Z 0 [Warning] TIMESTAMP with implicit DEFAULT value is deprecated. Please use --explicit_defaults_for_timestamp server option (see documentation for more details).
2021-04-22T14:05:01.621483Z 0 [Warning] Setting lower_case_table_names=2 because file system for /var/lib/mysql/ is case insensitive
2021-04-22T14:05:06.769421Z 0 [Warning] InnoDB: New log files created, LSN=45790
2021-04-22T14:05:07.256561Z 0 [Warning] InnoDB: Creating foreign key constraint system tables.
2021-04-22T14:05:07.299675Z 0 [Warning] No existing UUID has been found, so we assume that this is the first time that this server has been started. Generating a new UUID: be3a6483-a373-11eb-9efd-0242ac170002.
2021-04-22T14:05:07.309185Z 0 [Warning] Gtid table is not ready to be used. Table 'mysql.gtid_executed' cannot be opened.
2021-04-22T14:05:08.065912Z 0 [Warning] CA certificate ca.pem is self signed.
2021-04-22T14:05:08.877650Z 1 [Warning] root@localhost is created with an empty password ! Please consider switching off the --initialize-insecure option.
2021-04-22T14:05:23.844424Z 0 [Warning] TIMESTAMP with implicit DEFAULT value is deprecated. Please use --explicit_defaults_for_timestamp server option (see documentation for more details).
2021-04-22T14:05:23.873086Z 0 [Note] mysqld (mysqld 5.7.33) starting as process 81 ...
2021-04-22T14:05:23.894277Z 0 [Warning] Setting lower_case_table_names=2 because file system for /var/lib/mysql/ is case insensitive
2021-04-22T14:05:23.912982Z 0 [Note] InnoDB: PUNCH HOLE support available
2021-04-22T14:05:23.915931Z 0 [Note] InnoDB: Mutexes and rw_locks use GCC atomic builtins
2021-04-22T14:05:23.918933Z 0 [Note] InnoDB: Uses event mutexes
2021-04-22T14:05:23.921637Z 0 [Note] InnoDB: GCC builtin __atomic_thread_fence() is used for memory barrier
2021-04-22T14:05:23.925059Z 0 [Note] InnoDB: Compressed tables use zlib 1.2.11
2021-04-22T14:05:23.927370Z 0 [Note] InnoDB: Using Linux native AIO
2021-04-22T14:05:23.930638Z 0 [Note] InnoDB: Number of pools: 1
2021-04-22T14:05:23.933183Z 0 [Note] InnoDB: Using CPU crc32 instructions
2021-04-22T14:05:23.939600Z 0 [Note] InnoDB: Initializing buffer pool, total size = 128M, instances = 1, chunk size = 128M
2021-04-22T14:05:23.975733Z 0 [Note] InnoDB: Completed initialization of buffer pool
2021-04-22T14:05:23.989275Z 0 [Note] InnoDB: If the mysqld execution user is authorized, page cleaner thread priority can be changed. See the man page of setpriority().
2021-04-22T14:05:24.128664Z 0 [Note] InnoDB: Highest supported file format is Barracuda.
2021-04-22T14:05:24.468745Z 0 [Note] InnoDB: Creating shared tablespace for temporary tables
2021-04-22T14:05:24.481428Z 0 [Note] InnoDB: Setting file './ibtmp1' size to 12 MB. Physically writing the file full; Please wait ...
2021-04-22T14:05:24.952749Z 0 [Note] InnoDB: File './ibtmp1' size is now 12 MB.
2021-04-22T14:05:24.970475Z 0 [Note] InnoDB: 96 redo rollback segment(s) found. 96 redo rollback segment(s) are active.
2021-04-22T14:05:24.973968Z 0 [Note] InnoDB: 32 non-redo rollback segment(s) are active.
2021-04-22T14:05:24.980367Z 0 [Note] InnoDB: 5.7.33 started; log sequence number 2747309
2021-04-22T14:05:24.984389Z 0 [Note] InnoDB: Loading buffer pool(s) from /var/lib/mysql/ib_buffer_pool
2021-04-22T14:05:24.985270Z 0 [Note] Plugin 'FEDERATED' is disabled.
2021-04-22T14:05:25.198602Z 0 [Note] Found ca.pem, server-cert.pem and server-key.pem in data directory. Trying to enable SSL support using them.
2021-04-22T14:05:25.206124Z 0 [Note] Skipping generation of SSL certificates as certificate files are present in data directory.
2021-04-22T14:05:25.241943Z 0 [Warning] CA certificate ca.pem is self signed.
2021-04-22T14:05:25.246011Z 0 [Note] Skipping generation of RSA key pair as key files are present in data directory.
2021-04-22T14:05:25.277345Z 0 [Warning] Insecure configuration for --pid-file: Location '/var/run/mysqld' in the path is accessible to all OS users. Consider choosing a different directory.
2021-04-22T14:05:25.307234Z 0 [Note] InnoDB: Buffer pool(s) load completed at 210422 23:05:25
2021-04-22T14:05:25.903523Z 0 [Note] Event Scheduler: Loaded 0 events
2021-04-22T14:05:25.904913Z 0 [Note] mysqld: ready for connections.
Version: '5.7.33'  socket: '/var/run/mysqld/mysqld.sock'  port: 0  MySQL Community Server (GPL)
2021-04-22T14:05:33.377519Z 0 [Note] Giving 0 client threads a chance to die gracefully
2021-04-22T14:05:33.378839Z 0 [Note] Shutting down slave threads
2021-04-22T14:05:33.380057Z 0 [Note] Forcefully disconnecting 0 remaining clients
2021-04-22T14:05:33.380945Z 0 [Note] Event Scheduler: Purging the queue. 0 events
2021-04-22T14:05:33.382011Z 0 [Note] Binlog end
2021-04-22T14:05:33.385907Z 0 [Note] Shutting down plugin 'ngram'
2021-04-22T14:05:33.387560Z 0 [Note] Shutting down plugin 'partition'
2021-04-22T14:05:33.388652Z 0 [Note] Shutting down plugin 'BLACKHOLE'
2021-04-22T14:05:33.389643Z 0 [Note] Shutting down plugin 'ARCHIVE'
2021-04-22T14:05:33.390622Z 0 [Note] Shutting down plugin 'PERFORMANCE_SCHEMA'
2021-04-22T14:05:33.391511Z 0 [Note] Shutting down plugin 'MRG_MYISAM'
2021-04-22T14:05:33.392517Z 0 [Note] Shutting down plugin 'MyISAM'
2021-04-22T14:05:33.393469Z 0 [Note] Shutting down plugin 'INNODB_SYS_VIRTUAL'
2021-04-22T14:05:33.394548Z 0 [Note] Shutting down plugin 'INNODB_SYS_DATAFILES'
2021-04-22T14:05:33.395972Z 0 [Note] Shutting down plugin 'INNODB_SYS_TABLESPACES'
2021-04-22T14:05:33.397180Z 0 [Note] Shutting down plugin 'INNODB_SYS_FOREIGN_COLS'
2021-04-22T14:05:33.398080Z 0 [Note] Shutting down plugin 'INNODB_SYS_FOREIGN'
2021-04-22T14:05:33.399078Z 0 [Note] Shutting down plugin 'INNODB_SYS_FIELDS'
2021-04-22T14:05:33.400125Z 0 [Note] Shutting down plugin 'INNODB_SYS_COLUMNS'
2021-04-22T14:05:33.401225Z 0 [Note] Shutting down plugin 'INNODB_SYS_INDEXES'
2021-04-22T14:05:33.402192Z 0 [Note] Shutting down plugin 'INNODB_SYS_TABLESTATS'
2021-04-22T14:05:33.403271Z 0 [Note] Shutting down plugin 'INNODB_SYS_TABLES'
2021-04-22T14:05:33.404270Z 0 [Note] Shutting down plugin 'INNODB_FT_INDEX_TABLE'
2021-04-22T14:05:33.405363Z 0 [Note] Shutting down plugin 'INNODB_FT_INDEX_CACHE'
2021-04-22T14:05:33.406264Z 0 [Note] Shutting down plugin 'INNODB_FT_CONFIG'
2021-04-22T14:05:33.407495Z 0 [Note] Shutting down plugin 'INNODB_FT_BEING_DELETED'
2021-04-22T14:05:33.408563Z 0 [Note] Shutting down plugin 'INNODB_FT_DELETED'
2021-04-22T14:05:33.409644Z 0 [Note] Shutting down plugin 'INNODB_FT_DEFAULT_STOPWORD'
2021-04-22T14:05:33.411103Z 0 [Note] Shutting down plugin 'INNODB_METRICS'
2021-04-22T14:05:33.412497Z 0 [Note] Shutting down plugin 'INNODB_TEMP_TABLE_INFO'
2021-04-22T14:05:33.414220Z 0 [Note] Shutting down plugin 'INNODB_BUFFER_POOL_STATS'
2021-04-22T14:05:33.415636Z 0 [Note] Shutting down plugin 'INNODB_BUFFER_PAGE_LRU'
2021-04-22T14:05:33.417054Z 0 [Note] Shutting down plugin 'INNODB_BUFFER_PAGE'
2021-04-22T14:05:33.418461Z 0 [Note] Shutting down plugin 'INNODB_CMP_PER_INDEX_RESET'
2021-04-22T14:05:33.420253Z 0 [Note] Shutting down plugin 'INNODB_CMP_PER_INDEX'
2021-04-22T14:05:33.421801Z 0 [Note] Shutting down plugin 'INNODB_CMPMEM_RESET'
2021-04-22T14:05:33.423142Z 0 [Note] Shutting down plugin 'INNODB_CMPMEM'
2021-04-22T14:05:33.424550Z 0 [Note] Shutting down plugin 'INNODB_CMP_RESET'
2021-04-22T14:05:33.425755Z 0 [Note] Shutting down plugin 'INNODB_CMP'
2021-04-22T14:05:33.427294Z 0 [Note] Shutting down plugin 'INNODB_LOCK_WAITS'
2021-04-22T14:05:33.428875Z 0 [Note] Shutting down plugin 'INNODB_LOCKS'
2021-04-22T14:05:33.430001Z 0 [Note] Shutting down plugin 'INNODB_TRX'
2021-04-22T14:05:33.431404Z 0 [Note] Shutting down plugin 'InnoDB'
2021-04-22T14:05:33.433385Z 0 [Note] InnoDB: FTS optimize thread exiting.
2021-04-22T14:05:33.435311Z 0 [Note] InnoDB: Starting shutdown...
2021-04-22T14:05:33.540570Z 0 [Note] InnoDB: Dumping buffer pool(s) to /var/lib/mysql/ib_buffer_pool
2021-04-22T14:05:33.549414Z 0 [Note] InnoDB: Buffer pool(s) dump completed at 210422 23:05:33
2021-04-22T14:05:35.363771Z 0 [Note] InnoDB: Shutdown completed; log sequence number 12664923
2021-04-22T14:05:35.368473Z 0 [Note] InnoDB: Removed temporary tablespace data file: "ibtmp1"
2021-04-22T14:05:35.369519Z 0 [Note] Shutting down plugin 'MEMORY'
2021-04-22T14:05:35.372312Z 0 [Note] Shutting down plugin 'CSV'
2021-04-22T14:05:35.375842Z 0 [Note] Shutting down plugin 'sha256_password'
2021-04-22T14:05:35.376635Z 0 [Note] Shutting down plugin 'mysql_native_password'
2021-04-22T14:05:35.377583Z 0 [Note] Shutting down plugin 'binlog'
2021-04-22T14:05:35.381291Z 0 [Note] mysqld: Shutdown complete

2021-04-22T14:05:36.603969Z 0 [Warning] TIMESTAMP with implicit DEFAULT value is deprecated. Please use --explicit_defaults_for_timestamp server option (see documentation for more details).
2021-04-22T14:05:36.616107Z 0 [Note] mysqld (mysqld 5.7.33) starting as process 1 ...
2021-04-22T14:05:36.626807Z 0 [Warning] Setting lower_case_table_names=2 because file system for /var/lib/mysql/ is case insensitive
2021-04-22T14:05:36.632640Z 0 [Note] InnoDB: PUNCH HOLE support available
2021-04-22T14:05:36.633668Z 0 [Note] InnoDB: Mutexes and rw_locks use GCC atomic builtins
2021-04-22T14:05:36.634533Z 0 [Note] InnoDB: Uses event mutexes
2021-04-22T14:05:36.635451Z 0 [Note] InnoDB: GCC builtin __atomic_thread_fence() is used for memory barrier
2021-04-22T14:05:36.636397Z 0 [Note] InnoDB: Compressed tables use zlib 1.2.11
2021-04-22T14:05:36.637098Z 0 [Note] InnoDB: Using Linux native AIO
2021-04-22T14:05:36.638126Z 0 [Note] InnoDB: Number of pools: 1
2021-04-22T14:05:36.639216Z 0 [Note] InnoDB: Using CPU crc32 instructions
2021-04-22T14:05:36.642338Z 0 [Note] InnoDB: Initializing buffer pool, total size = 128M, instances = 1, chunk size = 128M
2021-04-22T14:05:36.655426Z 0 [Note] InnoDB: Completed initialization of buffer pool
2021-04-22T14:05:36.661317Z 0 [Note] InnoDB: If the mysqld execution user is authorized, page cleaner thread priority can be changed. See the man page of setpriority().
2021-04-22T14:05:36.738290Z 0 [Note] InnoDB: Highest supported file format is Barracuda.
2021-04-22T14:05:36.924669Z 0 [Note] InnoDB: Creating shared tablespace for temporary tables
2021-04-22T14:05:36.932144Z 0 [Note] InnoDB: Setting file './ibtmp1' size to 12 MB. Physically writing the file full; Please wait ...
2021-04-22T14:05:37.261378Z 0 [Note] InnoDB: File './ibtmp1' size is now 12 MB.
2021-04-22T14:05:37.274164Z 0 [Note] InnoDB: 96 redo rollback segment(s) found. 96 redo rollback segment(s) are active.
2021-04-22T14:05:37.276067Z 0 [Note] InnoDB: 32 non-redo rollback segment(s) are active.
2021-04-22T14:05:37.279173Z 0 [Note] InnoDB: Waiting for purge to start
2021-04-22T14:05:37.331421Z 0 [Note] InnoDB: 5.7.33 started; log sequence number 12664923
2021-04-22T14:05:37.333485Z 0 [Note] InnoDB: Loading buffer pool(s) from /var/lib/mysql/ib_buffer_pool
2021-04-22T14:05:37.333538Z 0 [Note] Plugin 'FEDERATED' is disabled.
2021-04-22T14:05:37.379125Z 0 [Note] Found ca.pem, server-cert.pem and server-key.pem in data directory. Trying to enable SSL support using them.
2021-04-22T14:05:37.382051Z 0 [Note] Skipping generation of SSL certificates as certificate files are present in data directory.
2021-04-22T14:05:37.393890Z 0 [Warning] CA certificate ca.pem is self signed.
2021-04-22T14:05:37.395936Z 0 [Note] Skipping generation of RSA key pair as key files are present in data directory.
2021-04-22T14:05:37.403397Z 0 [Note] Server hostname (bind-address): '*'; port: 3306
2021-04-22T14:05:37.404623Z 0 [Note] IPv6 is available.
2021-04-22T14:05:37.406735Z 0 [Note]   - '::' resolves to '::';
2021-04-22T14:05:37.408411Z 0 [Note] Server socket created on IP: '::'.
2021-04-22T14:05:37.414974Z 0 [Warning] Insecure configuration for --pid-file: Location '/var/run/mysqld' in the path is accessible to all OS users. Consider choosing a different directory.
2021-04-22T14:05:37.488389Z 0 [Note] InnoDB: Buffer pool(s) load completed at 210422 23:05:37
2021-04-22T14:05:37.899376Z 0 [Note] Event Scheduler: Loaded 0 events
2021-04-22T14:05:37.902006Z 0 [Note] mysqld: ready for connections.
Version: '5.7.33'  socket: '/var/run/mysqld/mysqld.sock'  port: 3306  MySQL Community Server (GPL)
2021-04-22T15:17:46.173880Z 0 [Note] InnoDB: page_cleaner: 1000ms intended loop took 2259424ms. The settings might not be optimal. (flushed=0 and evicted=0, during the time.)
2021-04-24T01:32:37.306671Z 0 [Warning] TIMESTAMP with implicit DEFAULT value is deprecated. Please use --explicit_defaults_for_timestamp server option (see documentation for more details).
2021-04-24T01:32:37.311215Z 0 [Note] mysqld (mysqld 5.7.33) starting as process 1 ...
2021-04-24T01:32:37.315456Z 0 [Warning] Setting lower_case_table_names=2 because file system for /var/lib/mysql/ is case insensitive
2021-04-24T01:32:37.321292Z 0 [Note] InnoDB: PUNCH HOLE support available
2021-04-24T01:32:37.321870Z 0 [Note] InnoDB: Mutexes and rw_locks use GCC atomic builtins
2021-04-24T01:32:37.322212Z 0 [Note] InnoDB: Uses event mutexes
2021-04-24T01:32:37.322728Z 0 [Note] InnoDB: GCC builtin __atomic_thread_fence() is used for memory barrier
2021-04-24T01:32:37.323301Z 0 [Note] InnoDB: Compressed tables use zlib 1.2.11
2021-04-24T01:32:37.323699Z 0 [Note] InnoDB: Using Linux native AIO
2021-04-24T01:32:37.324945Z 0 [Note] InnoDB: Number of pools: 1
2021-04-24T01:32:37.326850Z 0 [Note] InnoDB: Using CPU crc32 instructions
2021-04-24T01:32:37.328237Z 0 [Note] InnoDB: Initializing buffer pool, total size = 128M, instances = 1, chunk size = 128M
2021-04-24T01:32:37.335004Z 0 [Note] InnoDB: Completed initialization of buffer pool
2021-04-24T01:32:37.337511Z 0 [Note] InnoDB: If the mysqld execution user is authorized, page cleaner thread priority can be changed. See the man page of setpriority().
2021-04-24T01:32:37.378898Z 0 [Note] InnoDB: Highest supported file format is Barracuda.
2021-04-24T01:32:37.384035Z 0 [Note] InnoDB: Log scan progressed past the checkpoint lsn 12664942
2021-04-24T01:32:37.384754Z 0 [Note] InnoDB: Doing recovery: scanned up to log sequence number 12664951
2021-04-24T01:32:37.385240Z 0 [Note] InnoDB: Database was not shutdown normally!
2021-04-24T01:32:37.385582Z 0 [Note] InnoDB: Starting crash recovery.
2021-04-24T01:32:37.644439Z 0 [Note] InnoDB: Removed temporary tablespace data file: "ibtmp1"
2021-04-24T01:32:37.645143Z 0 [Note] InnoDB: Creating shared tablespace for temporary tables
2021-04-24T01:32:37.647876Z 0 [Note] InnoDB: Setting file './ibtmp1' size to 12 MB. Physically writing the file full; Please wait ...
2021-04-24T01:32:37.751074Z 0 [Note] InnoDB: File './ibtmp1' size is now 12 MB.
2021-04-24T01:32:37.755609Z 0 [Note] InnoDB: 96 redo rollback segment(s) found. 96 redo rollback segment(s) are active.
2021-04-24T01:32:37.756328Z 0 [Note] InnoDB: 32 non-redo rollback segment(s) are active.
2021-04-24T01:32:37.757333Z 0 [Note] InnoDB: Waiting for purge to start
2021-04-24T01:32:37.808087Z 0 [Note] InnoDB: 5.7.33 started; log sequence number 12664951
2021-04-24T01:32:37.809346Z 0 [Note] InnoDB: Loading buffer pool(s) from /var/lib/mysql/ib_buffer_pool
2021-04-24T01:32:37.810516Z 0 [Note] Plugin 'FEDERATED' is disabled.
2021-04-24T01:32:37.849906Z 0 [Note] Found ca.pem, server-cert.pem and server-key.pem in data directory. Trying to enable SSL support using them.
2021-04-24T01:32:37.850567Z 0 [Note] Skipping generation of SSL certificates as certificate files are present in data directory.
2021-04-24T01:32:37.858235Z 0 [Note] InnoDB: Buffer pool(s) load completed at 210424 10:32:37
2021-04-24T01:32:37.862581Z 0 [Warning] CA certificate ca.pem is self signed.
2021-04-24T01:32:37.863281Z 0 [Note] Skipping generation of RSA key pair as key files are present in data directory.
2021-04-24T01:32:37.868051Z 0 [Note] Server hostname (bind-address): '*'; port: 3306
2021-04-24T01:32:37.868647Z 0 [Note] IPv6 is available.
2021-04-24T01:32:37.869038Z 0 [Note]   - '::' resolves to '::';
2021-04-24T01:32:37.869525Z 0 [Note] Server socket created on IP: '::'.
2021-04-24T01:32:37.872177Z 0 [Warning] Insecure configuration for --pid-file: Location '/var/run/mysqld' in the path is accessible to all OS users. Consider choosing a different directory.
2021-04-24T01:32:38.141005Z 0 [Note] Event Scheduler: Loaded 0 events
2021-04-24T01:32:38.141939Z 0 [Note] mysqld: ready for connections.
Version: '5.7.33'  socket: '/var/run/mysqld/mysqld.sock'  port: 3306  MySQL Community Server (GPL)
